0 info it worked if it ends with ok
1 verbose cli [ '/home/ruchira/Software/node-v7.0.0-linux-x64/bin/node',
1 verbose cli   '/home/ruchira/Software/node-v7.0.0-linux-x64/bin/npm',
1 verbose cli   'run',
1 verbose cli   'develop' ]
2 info using npm@3.10.8
3 info using node@v7.0.0
4 verbose run-script [ 'predevelop', 'develop', 'postdevelop' ]
5 info lifecycle react-redux-base-project@1.0.0~predevelop: react-redux-base-project@1.0.0
6 silly lifecycle react-redux-base-project@1.0.0~predevelop: no script for predevelop, continuing
7 info lifecycle react-redux-base-project@1.0.0~develop: react-redux-base-project@1.0.0
8 verbose lifecycle react-redux-base-project@1.0.0~develop: unsafe-perm in lifecycle true
9 verbose lifecycle react-redux-base-project@1.0.0~develop: PATH: /home/ruchira/Software/node-v7.0.0-linux-x64/lib/node_modules/npm/bin/node-gyp-bin:/home/ruchira/Development/react/react-redux-base-project/node_modules/.bin:/home/ruchira/bin:/home/ruchira/Software/node-v7.0.0-linux-x64/bin:/home/ruchira/Software/jdk1.8.0_112/bin:/home/ruchira/.local/bin:/usr/local/sbin:/usr/local/bin:/usr/sbin:/usr/bin:/sbin:/bin:/usr/games:/usr/local/games:/snap/bin
10 verbose lifecycle react-redux-base-project@1.0.0~develop: CWD: /home/ruchira/Development/react/react-redux-base-project
11 silly lifecycle react-redux-base-project@1.0.0~develop: Args: [ '-c',
11 silly lifecycle   'webpack-dev-server --content-base public/ --history-api-fallback --inline --hot --host 0.0.0.0 --port 8000' ]
12 silly lifecycle react-redux-base-project@1.0.0~develop: Returned: code: 1  signal: null
13 info lifecycle react-redux-base-project@1.0.0~develop: Failed to exec develop script
14 verbose stack Error: react-redux-base-project@1.0.0 develop: `webpack-dev-server --content-base public/ --history-api-fallback --inline --hot --host 0.0.0.0 --port 8000`
14 verbose stack Exit status 1
14 verbose stack     at EventEmitter.<anonymous> (/home/ruchira/Software/node-v7.0.0-linux-x64/lib/node_modules/npm/lib/utils/lifecycle.js:255:16)
14 verbose stack     at emitTwo (events.js:106:13)
14 verbose stack     at EventEmitter.emit (events.js:191:7)
14 verbose stack     at ChildProcess.<anonymous> (/home/ruchira/Software/node-v7.0.0-linux-x64/lib/node_modules/npm/lib/utils/spawn.js:40:14)
14 verbose stack     at emitTwo (events.js:106:13)
14 verbose stack     at ChildProcess.emit (events.js:191:7)
14 verbose stack     at maybeClose (internal/child_process.js:877:16)
14 verbose stack     at Process.ChildProcess._handle.onexit (internal/child_process.js:226:5)
15 verbose pkgid react-redux-base-project@1.0.0
16 verbose cwd /home/ruchira/Development/react/react-redux-base-project
17 error Linux 4.4.0-53-generic
18 error argv "/home/ruchira/Software/node-v7.0.0-linux-x64/bin/node" "/home/ruchira/Software/node-v7.0.0-linux-x64/bin/npm" "run" "develop"
19 error node v7.0.0
20 error npm  v3.10.8
21 error code ELIFECYCLE
22 error react-redux-base-project@1.0.0 develop: `webpack-dev-server --content-base public/ --history-api-fallback --inline --hot --host 0.0.0.0 --port 8000`
22 error Exit status 1
23 error Failed at the react-redux-base-project@1.0.0 develop script 'webpack-dev-server --content-base public/ --history-api-fallback --inline --hot --host 0.0.0.0 --port 8000'.
23 error Make sure you have the latest version of node.js and npm installed.
23 error If you do, this is most likely a problem with the react-redux-base-project package,
23 error not with npm itself.
23 error Tell the author that this fails on your system:
23 error     webpack-dev-server --content-base public/ --history-api-fallback --inline --hot --host 0.0.0.0 --port 8000
23 error You can get information on how to open an issue for this project with:
23 error     npm bugs react-redux-base-project
23 error Or if that isn't available, you can get their info via:
23 error     npm owner ls react-redux-base-project
23 error There is likely additional logging output above.
24 verbose exit [ 1, true ]
